<?xml version="1.0" encoding="UTF-8"?>
<testng-results total="1" passed="1" failed="0" skipped="0">
  <reporter-output>
    <line>
      <![CDATA[Reading data is extecuted Successfully]]>
    </line>
  </reporter-output>
  <suite started-at="2022-06-07T11:20:58Z" name="com.testautomation.runners.TestRunner" finished-at="2022-06-07T11:21:13Z" duration-ms="15490">
    <groups>
      <group name="cucumber">
        <method signature="AbstractTestNGCucumberTests.runScenario(io.cucumber.testng.PickleWrapper, io.cucumber.testng.FeatureWrapper)[pri:0, instance:com.testautomation.runners.TestRunner@50b472aa]" name="runScenario" class="io.cucumber.testng.AbstractTestNGCucumberTests"/>
      </group> <!-- cucumber -->
    </groups>
    <test started-at="2022-06-07T11:20:58Z" name="Command line test" finished-at="2022-06-07T11:21:13Z" duration-ms="15490">
      <class name="com.testautomation.runners.TestRunner">
        <test-method is-config="true" signature="setUpClass(org.testng.ITestContext)[pri:0, instance:com.testautomation.runners.TestRunner@50b472aa]" started-at="2022-06-07T16:50:58Z" name="setUpClass" finished-at="2022-06-07T16:50:58Z" duration-ms="488" status="PASS">
          <params>
            <param index="0">
              <value>
                <![CDATA[org.testng.TestRunner@16d04d3d]]>
              </value>
            </param>
          </params>
          <reporter-output>
          </reporter-output>
        </test-method> <!-- setUpClass -->
        <test-method signature="runScenario(io.cucumber.testng.PickleWrapper, io.cucumber.testng.FeatureWrapper)[pri:0, instance:com.testautomation.runners.TestRunner@50b472aa]" started-at="2022-06-07T16:50:58Z" name="runScenario" description="Runs Cucumber Scenarios" data-provider="scenarios" finished-at="2022-06-07T16:51:13Z" duration-ms="14901" status="PASS">
          <params>
            <param index="0">
              <value>
                <![CDATA["Verification of Home Page Title"]]>
              </value>
            </param>
            <param index="1">
              <value>
                <![CDATA["Optional[Application PageTitle]"]]>
              </value>
            </param>
          </params>
          <reporter-output>
            <line>
              <![CDATA[Reading data is extecuted Successfully]]>
            </line>
          </reporter-output>
        </test-method> <!-- runScenario -->
        <test-method is-config="true" signature="tearDownClass()[pri:0, instance:com.testautomation.runners.TestRunner@50b472aa]" started-at="2022-06-07T16:51:13Z" name="tearDownClass" finished-at="2022-06-07T16:51:13Z" duration-ms="84" status="PASS">
          <reporter-output>
          </reporter-output>
        </test-method> <!-- tearDownClass -->
      </class> <!-- com.testautomation.runners.TestRunner -->
    </test> <!-- Command line test -->
  </suite> <!-- com.testautomation.runners.TestRunner -->
</testng-results>
