<?xml version="1.0" encoding="UTF-8"?>
<testng-results total="1" passed="1" failed="0" skipped="0">
  <reporter-output>
    <line>
      <![CDATA[Reading data is extecuted Successfully]]>
    </line>
  </reporter-output>
  <suite started-at="2022-06-07T11:29:30Z" name="Default suite" finished-at="2022-06-07T11:29:36Z" duration-ms="6332">
    <groups>
      <group name="cucumber">
        <method signature="AbstractTestNGCucumberTests.runScenario(io.cucumber.testng.PickleWrapper, io.cucumber.testng.FeatureWrapper)[pri:0, instance:com.testautomation.runners.TestRunner@768fc0f2]" name="runScenario" class="io.cucumber.testng.AbstractTestNGCucumberTests"/>
      </group> <!-- cucumber -->
    </groups>
    <test started-at="2022-06-07T11:29:30Z" name="Default test" finished-at="2022-06-07T11:29:36Z" duration-ms="6332">
      <class name="com.testautomation.runners.TestRunner">
        <test-method is-config="true" signature="setUpClass(org.testng.ITestContext)[pri:0, instance:com.testautomation.runners.TestRunner@768fc0f2]" started-at="2022-06-07T16:59:30Z" name="setUpClass" finished-at="2022-06-07T16:59:30Z" duration-ms="453" status="PASS">
          <params>
            <param index="0">
              <value>
                <![CDATA[org.testng.TestRunner@46baf579]]>
              </value>
            </param>
          </params>
          <reporter-output>
          </reporter-output>
        </test-method> <!-- setUpClass -->
        <test-method signature="runScenario(io.cucumber.testng.PickleWrapper, io.cucumber.testng.FeatureWrapper)[pri:0, instance:com.testautomation.runners.TestRunner@768fc0f2]" started-at="2022-06-07T16:59:30Z" name="runScenario" description="Runs Cucumber Scenarios" data-provider="scenarios" finished-at="2022-06-07T16:59:36Z" duration-ms="5784" status="PASS">
          <params>
            <param index="0">
              <value>
                <![CDATA["Verification of Home Page Title"]]>
              </value>
            </param>
            <param index="1">
              <value>
                <![CDATA["Optional[Application PageTitle]"]]>
              </value>
            </param>
          </params>
          <reporter-output>
            <line>
              <![CDATA[Reading data is extecuted Successfully]]>
            </line>
          </reporter-output>
        </test-method> <!-- runScenario -->
        <test-method is-config="true" signature="tearDownClass()[pri:0, instance:com.testautomation.runners.TestRunner@768fc0f2]" started-at="2022-06-07T16:59:36Z" name="tearDownClass" finished-at="2022-06-07T16:59:36Z" duration-ms="75" status="PASS">
          <reporter-output>
          </reporter-output>
        </test-method> <!-- tearDownClass -->
      </class> <!-- com.testautomation.runners.TestRunner -->
    </test> <!-- Default test -->
  </suite> <!-- Default suite -->
</testng-results>
